<?xml version="1.0" encoding="UTF-8"?>
<TestRun id="7f0bc731-85bd-4118-a8f0-2753c46dd8e5" name="student@E327-07 2018-05-25 09:17:44" runUser="KSTUEDU\student" xmlns="http://microsoft.com/schemas/VisualStudio/TeamTest/2010">
  <TestSettings name="Локальные" id="63deaa77-cd84-40ba-845a-009eca169d5d">
    <Description>Это - параметры по умолчанию для локального тестового запуска.</Description>
    <Deployment enabled="false" runDeploymentRoot="student_E327-07 2018-05-25 09_17_44">
      <DeploymentItem filename="F:\Разработка ПО\Новая папка (2)\bin\Debug\SimpleLexer.exe" />
    </Deployment>
    <Execution>
      <TestTypeSpecific />
      <AgentRule name="Execution Agents">
      </AgentRule>
    </Execution>
  </TestSettings>
  <Times creation="2018-05-25T09:17:44.0997133+03:00" queuing="2018-05-25T09:17:49.4107058+03:00" start="2018-05-25T09:17:49.6665493+03:00" finish="2018-05-25T09:17:51.9771048+03:00" />
  <ResultSummary outcome="Completed">
    <Counters total="1" executed="1" passed="1" error="0" failed="0" timeout="0" aborted="0" inconclusive="0" passedButRunAborted="0" notRunnable="0" notExecuted="0" disconnected="0" warning="0" completed="0" inProgress="0" pending="0" />
  </ResultSummary>
  <TestDefinitions>
    <UnitTest name="TestMethod1" storage="f:\разработка по\новая папка (2)\testproject1\bin\debug\testproject1.dll" id="59863143-3238-122e-4d8a-637b491cc755">
      <Execution id="716c2719-11d6-41d7-b7d4-2551df07923c" />
      <TestMethod codeBase="F:/Разработка ПО/Новая папка (2)/TestProject1/bin/Debug/TestProject1.DLL" adapterTypeName="Microsoft.VisualStudio.TestTools.TestTypes.Unit.UnitTestAdapter, Microsoft.VisualStudio.QualityTools.Tips.UnitTest.Adapter, Version=10.0.0.0, Culture=neutral, PublicKeyToken=b03f5f7f11d50a3a" className="TestProject1.UnitTest1, TestProject1, Version=1.0.0.0, Culture=neutral, PublicKeyToken=null" name="TestMethod1" />
    </UnitTest>
  </TestDefinitions>
  <TestLists>
    <TestList name="Отсутствующие в списке результаты" id="8c84fa94-04c1-424b-9868-57a2d4851a1d" />
    <TestList name="Все загруженные результаты" id="19431567-8539-422a-85d7-44ee4e166bda" />
  </TestLists>
  <TestEntries>
    <TestEntry testId="59863143-3238-122e-4d8a-637b491cc755" executionId="716c2719-11d6-41d7-b7d4-2551df07923c" testListId="8c84fa94-04c1-424b-9868-57a2d4851a1d" />
  </TestEntries>
  <Results>
    <UnitTestResult executionId="716c2719-11d6-41d7-b7d4-2551df07923c" testId="59863143-3238-122e-4d8a-637b491cc755" testName="TestMethod1" computerName="E327-07" duration="00:00:00.0942853" startTime="2018-05-25T09:17:49.9801318+03:00" endTime="2018-05-25T09:17:51.3987193+03:00" testType="13cdc9d9-ddb5-4fa4-a97d-d965ccfc6d4b" outcome="Passed" testListId="8c84fa94-04c1-424b-9868-57a2d4851a1d" relativeResultsDirectory="716c2719-11d6-41d7-b7d4-2551df07923c">
    </UnitTestResult>
  </Results>
</TestRun>